# JRE version: OpenJDK Runtime Environment (11.0.12+7) (build 11.0.12+7-b1504.28-7817840)
# Java VM: OpenJDK 64-Bit Server VM (11.0.12+7-b1504.28-7817840, mixed mode, tiered, compressed oops, g1 gc, windows-amd64)
Heap:
 garbage-first heap   total 231424K, used 164136K [0x0000000080000000, 0x0000000100000000)
  region size 1024K, 64 young (65536K), 2 survivors (2048K)
 Metaspace       used 125571K, capacity 129110K, committed 129436K, reserved 1161216K
  class space    used 15495K, capacity 16852K, committed 16976K, reserved 1048576K
GC Heap History (20 events):
Event: 9562.020 GC heap before
{Heap before GC invocations=119 (full 0):
 garbage-first heap   total 231424K, used 118750K [0x0000000080000000, 0x0000000100000000)
  region size 1024K, 11 young (11264K), 1 survivors (1024K)
 Metaspace       used 124965K, capacity 128634K, committed 128924K, reserved 1161216K
  class space    used 15512K, capacity 16888K, committed 16976K, reserved 1048576K
}
Event: 9562.108 GC heap after
{Heap after GC invocations=120 (full 0):
 garbage-first heap   total 231424K, used 100311K [0x0000000080000000, 0x0000000100000000)
  region size 1024K, 2 young (2048K), 2 survivors (2048K)
 Metaspace       used 124965K, capacity 128634K, committed 128924K, reserved 1161216K
  class space    used 15512K, capacity 16888K, committed 16976K, reserved 1048576K
}
Event: 9562.909 GC heap before
{Heap before GC invocations=120 (full 0):
 garbage-first heap   total 231424K, used 137175K [0x0000000080000000, 0x0000000100000000)
  region size 1024K, 40 young (40960K), 2 survivors (2048K)
 Metaspace       used 125029K, capacity 128700K, committed 128924K, reserved 1161216K
  class space    used 15513K, capacity 16888K, committed 16976K, reserved 1048576K
}
Event: 9562.959 GC heap after
{Heap after GC invocations=121 (full 0):
 garbage-first heap   total 231424K, used 104533K [0x0000000080000000, 0x0000000100000000)
  region size 1024K, 6 young (6144K), 6 survivors (6144K)
 Metaspace       used 125029K, capacity 128700K, committed 128924K, reserved 1161216K
  class space    used 15513K, capacity 16888K, committed 16976K, reserved 1048576K
}
Event: 9566.520 GC heap before
{Heap before GC invocations=122 (full 0):
 garbage-first heap   total 231424K, used 203861K [0x0000000080000000, 0x0000000100000000)
  region size 1024K, 85 young (87040K), 6 survivors (6144K)
 Metaspace       used 124870K, capacity 128399K, committed 128924K, reserved 1161216K
  class space    used 15479K, capacity 16824K, committed 16976K, reserved 1048576K
}
Event: 9566.546 GC heap after
{Heap after GC invocations=123 (full 0):
 garbage-first heap   total 231424K, used 110674K [0x0000000080000000, 0x0000000100000000)
  region size 1024K, 11 young (11264K), 11 survivors (11264K)
 Metaspace       used 124870K, capacity 128399K, committed 128924K, reserved 1161216K
  class space    used 15479K, capacity 16824K, committed 16976K, reserved 1048576K
}
Event: 9566.547 GC heap before
{Heap before GC invocations=123 (full 0):
 garbage-first heap   total 231424K, used 111698K [0x0000000080000000, 0x0000000100000000)
  region size 1024K, 12 young (12288K), 11 survivors (11264K)
 Metaspace       used 124870K, capacity 128399K, committed 128924K, reserved 1161216K
  class space    used 15479K, capacity 16824K, committed 16976K, reserved 1048576K
}
Event: 9566.588 GC heap after
{Heap after GC invocations=124 (full 0):
 garbage-first heap   total 231424K, used 99804K [0x0000000080000000, 0x0000000100000000)
  region size 1024K, 2 young (2048K), 2 survivors (2048K)
 Metaspace       used 124870K, capacity 128399K, committed 128924K, reserved 1161216K
  class space    used 15479K, capacity 16824K, committed 16976K, reserved 1048576K
}
Event: 9566.976 GC heap before
{Heap before GC invocations=124 (full 0):
 garbage-first heap   total 231424K, used 146908K [0x0000000080000000, 0x0000000100000000)
  region size 1024K, 50 young (51200K), 2 survivors (2048K)
 Metaspace       used 124921K, capacity 128465K, committed 128924K, reserved 1161216K
  class space    used 15479K, capacity 16824K, committed 16976K, reserved 1048576K
}
Event: 9566.993 GC heap after
{Heap after GC invocations=125 (full 0):
 garbage-first heap   total 231424K, used 103290K [0x0000000080000000, 0x0000000100000000)
  region size 1024K, 5 young (5120K), 5 survivors (5120K)
 Metaspace       used 124921K, capacity 128465K, committed 128924K, reserved 1161216K
  class space    used 15479K, capacity 16824K, committed 16976K, reserved 1048576K
}
Event: 9568.158 GC heap before
{Heap before GC invocations=126 (full 0):
 garbage-first heap   total 231424K, used 188282K [0x0000000080000000, 0x0000000100000000)
  region size 1024K, 86 young (88064K), 5 survivors (5120K)
 Metaspace       used 125289K, capacity 128913K, committed 129436K, reserved 1161216K
  class space    used 15484K, capacity 16833K, committed 16976K, reserved 1048576K
}
Event: 9568.173 GC heap after
{Heap after GC invocations=127 (full 0):
 garbage-first heap   total 231424K, used 110078K [0x0000000080000000, 0x0000000100000000)
  region size 1024K, 11 young (11264K), 11 survivors (11264K)
 Metaspace       used 125289K, capacity 128913K, committed 129436K, reserved 1161216K
  class space    used 15484K, capacity 16833K, committed 16976K, reserved 1048576K
}
Event: 9568.178 GC heap before
{Heap before GC invocations=127 (full 0):
 garbage-first heap   total 231424K, used 110078K [0x0000000080000000, 0x0000000100000000)
  region size 1024K, 12 young (12288K), 11 survivors (11264K)
 Metaspace       used 125289K, capacity 128913K, committed 129436K, reserved 1161216K
  class space    used 15484K, capacity 16833K, committed 16976K, reserved 1048576K
}
Event: 9568.203 GC heap after
{Heap after GC invocations=128 (full 0):
 garbage-first heap   total 231424K, used 103155K [0x0000000080000000, 0x0000000100000000)
  region size 1024K, 2 young (2048K), 2 survivors (2048K)
 Metaspace       used 125289K, capacity 128913K, committed 129436K, reserved 1161216K
  class space    used 15484K, capacity 16833K, committed 16976K, reserved 1048576K
}
Event: 9568.603 GC heap before
{Heap before GC invocations=128 (full 0):
 garbage-first heap   total 231424K, used 142067K [0x0000000080000000, 0x0000000100000000)
  region size 1024K, 42 young (43008K), 2 survivors (2048K)
 Metaspace       used 125317K, capacity 128920K, committed 129436K, reserved 1161216K
  class space    used 15485K, capacity 16834K, committed 16976K, reserved 1048576K
}
Event: 9568.614 GC heap after
{Heap after GC invocations=129 (full 0):
 garbage-first heap   total 231424K, used 103808K [0x0000000080000000, 0x0000000100000000)
  region size 1024K, 3 young (3072K), 3 survivors (3072K)
 Metaspace       used 125317K, capacity 128920K, committed 129436K, reserved 1161216K
  class space    used 15485K, capacity 16834K, committed 16976K, reserved 1048576K
}
Event: 9617.475 GC heap before
{Heap before GC invocations=130 (full 0):
 garbage-first heap   total 231424K, used 221408K [0x0000000080000000, 0x0000000100000000)
  region size 1024K, 85 young (87040K), 3 survivors (3072K)
 Metaspace       used 125482K, capacity 129108K, committed 129436K, reserved 1161216K
  class space    used 15495K, capacity 16852K, committed 16976K, reserved 1048576K
}
Event: 9617.494 GC heap after
{Heap after GC invocations=131 (full 0):
 garbage-first heap   total 231424K, used 103955K [0x0000000080000000, 0x0000000100000000)
  region size 1024K, 3 young (3072K), 3 survivors (3072K)
 Metaspace       used 125482K, capacity 129108K, committed 129436K, reserved 1161216K
  class space    used 15495K, capacity 16852K, committed 16976K, reserved 1048576K
}
Event: 9617.802 GC heap before
{Heap before GC invocations=131 (full 0):
 garbage-first heap   total 231424K, used 112147K [0x0000000080000000, 0x0000000100000000)
  region size 1024K, 11 young (11264K), 3 survivors (3072K)
 Metaspace       used 125504K, capacity 129109K, committed 129436K, reserved 1161216K
  class space    used 15495K, capacity 16852K, committed 16976K, reserved 1048576K
}
Event: 9617.842 GC heap after
{Heap after GC invocations=132 (full 0):
 garbage-first heap   total 231424K, used 102696K [0x0000000080000000, 0x0000000100000000)
  region size 1024K, 2 young (2048K), 2 survivors (2048K)
 Metaspace       used 125504K, capacity 129109K, committed 129436K, reserved 1161216K
  class space    used 15495K, capacity 16852K, committed 16976K, reserved 1048576K
}

